<?xml version="1.0" encoding="UTF-8"?>
<testsuites>
  <testsuite name="CodeIgniter Application Test Suite" tests="2" assertions="8" failures="0" errors="0" time="0.140806">
    <testsuite name="LoginModel_test" file="C:\wamp\www\ContactCI\application\tests\models\LoginModel_test.php" tests="1" assertions="2" failures="0" errors="0" time="0.046800">
      <testcase name="test_get_permit" class="LoginModel_test" file="C:\wamp\www\ContactCI\application\tests\models\LoginModel_test.php" line="12" assertions="2" time="0.046800"/>
    </testsuite>
    <testsuite name="SearchModel_test" file="C:\wamp\www\ContactCI\application\tests\models\SearchModel_test.php" tests="1" assertions="6" failures="0" errors="0" time="0.094006">
      <testcase name="test_get_namelist" class="SearchModel_test" file="C:\wamp\www\ContactCI\application\tests\models\SearchModel_test.php" line="12" assertions="6" time="0.094006"/>
    </testsuite>
  </testsuite>
</testsuites>
