<?xml version="1.0" encoding="UTF-8"?>
<testsuites>
  <testsuite name="CodeIgniter Application Test Suite" tests="1" assertions="2" failures="0" errors="0" time="0.051003">
    <testsuite name="LoginModel_test" file="C:\wamp\www\ContactCI\application\tests\models\LoginModel_test.php" tests="1" assertions="2" failures="0" errors="0" time="0.051003">
      <testcase name="test_get_permit" class="LoginModel_test" file="C:\wamp\www\ContactCI\application\tests\models\LoginModel_test.php" line="12" assertions="2" time="0.051003"/>
    </testsuite>
  </testsuite>
</testsuites>
